PHP Warning:  PHP Startup: Unable to load dynamic library 'C:/Helpulse/usbwebserver\\php\\ext\\php_curl.dll' - N\xef\xbf\xbdo foi poss\xef\xbf\xbdvel encontrar o m\xef\xbf\xbddulo especificado.\r\n in Unknown on line 0
PHP Warning:  PHP Startup: Unable to load dynamic library 'C:/Helpulse/usbwebserver\\php\\ext\\php_pgsql.dll' - O sistema operacional n\xef\xbf\xbdo pode executar %1.\r\n in Unknown on line 0
[Fri May 22 09:04:53.448764 2020] [mpm_winnt:notice] [pid 30128:tid 764] AH00455: Apache/2.4.29 (Win32) PHP/5.6.32 configured -- resuming normal operations
[Fri May 22 09:04:53.448764 2020] [mpm_winnt:notice] [pid 30128:tid 764] AH00456: Server built: Nov  3 2017 01:01:54
[Fri May 22 09:04:53.448764 2020] [core:notice] [pid 30128:tid 764] AH00094: Command line: 'C:\\Helpulse\\usbwebserver/apache2/bin/httpd_usbwv8.exe -d C:/Helpulse/usbwebserver/apache2'
[Fri May 22 09:04:53.451756 2020] [mpm_winnt:notice] [pid 30128:tid 764] AH00418: Parent: Created child process 19620
PHP Warning:  PHP Startup: Unable to load dynamic library 'C:/Helpulse/usbwebserver\\php\\ext\\php_curl.dll' - N\xef\xbf\xbdo foi poss\xef\xbf\xbdvel encontrar o m\xef\xbf\xbddulo especificado.\r\n in Unknown on line 0
PHP Warning:  PHP Startup: Unable to load dynamic library 'C:/Helpulse/usbwebserver\\php\\ext\\php_pgsql.dll' - O sistema operacional n\xef\xbf\xbdo pode executar %1.\r\n in Unknown on line 0
[Fri May 22 09:04:54.147106 2020] [mpm_winnt:notice] [pid 19620:tid 856] AH00354: Child: Starting 64 worker threads.
[Fri May 22 09:05:34.598477 2020] [:error] [pid 19620:tid 1320] [client ::1:61259] PHP Warning:  mysqli::mysqli(): php_network_getaddresses: getaddrinfo failed: Este host n\xef\xbf\xbdo \xef\xbf\xbd conhecido.  in C:\\Helpulse\\usbwebserver\\root\\config.class.php on line 6
[Fri May 22 09:05:34.599223 2020] [:error] [pid 19620:tid 1320] [client ::1:61259] PHP Warning:  mysqli::mysqli(): (HY000/2002): php_network_getaddresses: getaddrinfo failed: Este host n\xef\xbf\xbdo \xef\xbf\xbd conhecido.  in C:\\Helpulse\\usbwebserver\\root\\config.class.php on line 6
[Fri May 22 09:05:34.599223 2020] [:error] [pid 19620:tid 1320] [client ::1:61259] PHP Warning:  mysqli::query(): Couldn't fetch mysqli in C:\\Helpulse\\usbwebserver\\root\\nutritional.class.php on line 6
[Fri May 22 09:05:34.600457 2020] [:error] [pid 19620:tid 1320] [client ::1:61259] PHP Fatal error:  Call to a member function fetch_assoc() on null in C:\\Helpulse\\usbwebserver\\root\\nutritional.class.php on line 8
[Fri May 22 09:07:21.987148 2020] [:error] [pid 19620:tid 1300] [client ::1:61340] PHP Warning:  mysqli::mysqli(): (HY000/2002): Uma tentativa de conex\xef\xbf\xbdo falhou porque o componente conectado n\xef\xbf\xbdo respondeu\r\ncorretamente ap\xef\xbf\xbds um per\xef\xbf\xbdodo de tempo ou a conex\xef\xbf\xbdo estabelecida falhou\r\nporque o host conectado n\xef\xbf\xbdo respondeu.\r\n in C:\\Helpulse\\usbwebserver\\root\\config.class.php on line 6
[Fri May 22 09:07:21.987148 2020] [:error] [pid 19620:tid 1300] [client ::1:61340] PHP Warning:  mysqli::query(): Couldn't fetch mysqli in C:\\Helpulse\\usbwebserver\\root\\nutritional.class.php on line 6
[Fri May 22 09:07:21.987148 2020] [:error] [pid 19620:tid 1300] [client ::1:61340] PHP Fatal error:  Call to a member function fetch_assoc() on null in C:\\Helpulse\\usbwebserver\\root\\nutritional.class.php on line 8
[Fri May 22 09:07:23.585966 2020] [:error] [pid 19620:tid 1320] [client ::1:61341] PHP Warning:  mysqli::mysqli(): (HY000/2002): Uma tentativa de conex\xef\xbf\xbdo falhou porque o componente conectado n\xef\xbf\xbdo respondeu\r\ncorretamente ap\xef\xbf\xbds um per\xef\xbf\xbdodo de tempo ou a conex\xef\xbf\xbdo estabelecida falhou\r\nporque o host conectado n\xef\xbf\xbdo respondeu.\r\n in C:\\Helpulse\\usbwebserver\\root\\config.class.php on line 6
[Fri May 22 09:07:23.585966 2020] [:error] [pid 19620:tid 1320] [client ::1:61341] PHP Warning:  mysqli::query(): Couldn't fetch mysqli in C:\\Helpulse\\usbwebserver\\root\\nutritional.class.php on line 6
[Fri May 22 09:07:23.585966 2020] [:error] [pid 19620:tid 1320] [client ::1:61341] PHP Fatal error:  Call to a member function fetch_assoc() on null in C:\\Helpulse\\usbwebserver\\root\\nutritional.class.php on line 8
[Fri May 22 09:07:24.048216 2020] [:error] [pid 19620:tid 1288] [client ::1:61345] PHP Warning:  mysqli::mysqli(): (HY000/2002): Uma tentativa de conex\xef\xbf\xbdo falhou porque o componente conectado n\xef\xbf\xbdo respondeu\r\ncorretamente ap\xef\xbf\xbds um per\xef\xbf\xbdodo de tempo ou a conex\xef\xbf\xbdo estabelecida falhou\r\nporque o host conectado n\xef\xbf\xbdo respondeu.\r\n in C:\\Helpulse\\usbwebserver\\root\\config.class.php on line 6
[Fri May 22 09:07:24.048216 2020] [:error] [pid 19620:tid 1288] [client ::1:61345] PHP Warning:  mysqli::query(): Couldn't fetch mysqli in C:\\Helpulse\\usbwebserver\\root\\nutritional.class.php on line 6
[Fri May 22 09:07:24.048216 2020] [:error] [pid 19620:tid 1288] [client ::1:61345] PHP Fatal error:  Call to a member function fetch_assoc() on null in C:\\Helpulse\\usbwebserver\\root\\nutritional.class.php on line 8
[Fri May 22 09:07:24.477273 2020] [:error] [pid 19620:tid 1284] [client ::1:61347] PHP Warning:  mysqli::mysqli(): (HY000/2002): Uma tentativa de conex\xef\xbf\xbdo falhou porque o componente conectado n\xef\xbf\xbdo respondeu\r\ncorretamente ap\xef\xbf\xbds um per\xef\xbf\xbdodo de tempo ou a conex\xef\xbf\xbdo estabelecida falhou\r\nporque o host conectado n\xef\xbf\xbdo respondeu.\r\n in C:\\Helpulse\\usbwebserver\\root\\config.class.php on line 6
[Fri May 22 09:07:24.477273 2020] [:error] [pid 19620:tid 1284] [client ::1:61347] PHP Warning:  mysqli::query(): Couldn't fetch mysqli in C:\\Helpulse\\usbwebserver\\root\\nutritional.class.php on line 6
[Fri May 22 09:07:24.477273 2020] [:error] [pid 19620:tid 1284] [client ::1:61347] PHP Fatal error:  Call to a member function fetch_assoc() on null in C:\\Helpulse\\usbwebserver\\root\\nutritional.class.php on line 8
[Fri May 22 09:07:24.913003 2020] [:error] [pid 19620:tid 1280] [client ::1:61349] PHP Warning:  mysqli::mysqli(): (HY000/2002): Uma tentativa de conex\xef\xbf\xbdo falhou porque o componente conectado n\xef\xbf\xbdo respondeu\r\ncorretamente ap\xef\xbf\xbds um per\xef\xbf\xbdodo de tempo ou a conex\xef\xbf\xbdo estabelecida falhou\r\nporque o host conectado n\xef\xbf\xbdo respondeu.\r\n in C:\\Helpulse\\usbwebserver\\root\\config.class.php on line 6
[Fri May 22 09:07:24.913003 2020] [:error] [pid 19620:tid 1280] [client ::1:61349] PHP Warning:  mysqli::query(): Couldn't fetch mysqli in C:\\Helpulse\\usbwebserver\\root\\nutritional.class.php on line 6
[Fri May 22 09:07:24.913003 2020] [:error] [pid 19620:tid 1280] [client ::1:61349] PHP Fatal error:  Call to a member function fetch_assoc() on null in C:\\Helpulse\\usbwebserver\\root\\nutritional.class.php on line 8
[Fri May 22 09:08:30.635528 2020] [:error] [pid 19620:tid 1280] [client ::1:61435] PHP Warning:  mysqli::mysqli(): (HY000/2002): Uma tentativa de conex\xef\xbf\xbdo falhou porque o componente conectado n\xef\xbf\xbdo respondeu\r\ncorretamente ap\xef\xbf\xbds um per\xef\xbf\xbdodo de tempo ou a conex\xef\xbf\xbdo estabelecida falhou\r\nporque o host conectado n\xef\xbf\xbdo respondeu.\r\n in C:\\Helpulse\\usbwebserver\\root\\config.class.php on line 6
[Fri May 22 09:08:30.635528 2020] [:error] [pid 19620:tid 1280] [client ::1:61435] PHP Warning:  mysqli::query(): Couldn't fetch mysqli in C:\\Helpulse\\usbwebserver\\root\\nutritional.class.php on line 6
[Fri May 22 09:08:30.635528 2020] [:error] [pid 19620:tid 1280] [client ::1:61435] PHP Fatal error:  Call to a member function fetch_assoc() on null in C:\\Helpulse\\usbwebserver\\root\\nutritional.class.php on line 8
[Fri May 22 09:08:47.543862 2020] [:error] [pid 19620:tid 1280] [client ::1:61472] PHP Warning:  mysqli::mysqli(): php_network_getaddresses: getaddrinfo failed: Este host n\xef\xbf\xbdo \xef\xbf\xbd conhecido.  in C:\\Helpulse\\usbwebserver\\root\\config.class.php on line 6
[Fri May 22 09:08:47.543862 2020] [:error] [pid 19620:tid 1280] [client ::1:61472] PHP Warning:  mysqli::mysqli(): (HY000/2002): php_network_getaddresses: getaddrinfo failed: Este host n\xef\xbf\xbdo \xef\xbf\xbd conhecido.  in C:\\Helpulse\\usbwebserver\\root\\config.class.php on line 6
[Fri May 22 09:08:47.543862 2020] [:error] [pid 19620:tid 1280] [client ::1:61472] PHP Warning:  mysqli::query(): Couldn't fetch mysqli in C:\\Helpulse\\usbwebserver\\root\\nutritional.class.php on line 6
[Fri May 22 09:08:47.543862 2020] [:error] [pid 19620:tid 1280] [client ::1:61472] PHP Fatal error:  Call to a member function fetch_assoc() on null in C:\\Helpulse\\usbwebserver\\root\\nutritional.class.php on line 8
[Fri May 22 09:09:14.141463 2020] [:error] [pid 19620:tid 1284] [client ::1:61473] PHP Warning:  mysqli::mysqli(): (HY000/2002): Uma tentativa de conex\xef\xbf\xbdo falhou porque o componente conectado n\xef\xbf\xbdo respondeu\r\ncorretamente ap\xef\xbf\xbds um per\xef\xbf\xbdodo de tempo ou a conex\xef\xbf\xbdo estabelecida falhou\r\nporque o host conectado n\xef\xbf\xbdo respondeu.\r\n in C:\\Helpulse\\usbwebserver\\root\\config.class.php on line 6
[Fri May 22 09:09:14.141463 2020] [:error] [pid 19620:tid 1284] [client ::1:61473] PHP Warning:  mysqli::query(): Couldn't fetch mysqli in C:\\Helpulse\\usbwebserver\\root\\nutritional.class.php on line 6
[Fri May 22 09:09:14.141463 2020] [:error] [pid 19620:tid 1284] [client ::1:61473] PHP Fatal error:  Call to a member function fetch_assoc() on null in C:\\Helpulse\\usbwebserver\\root\\nutritional.class.php on line 8
