2019-08-30 08:25:14 55504 [Note] Plugin 'FEDERATED' is disabled.
2019-08-30 08:25:14 55504 [Note] InnoDB: Using atomics to ref count buffer pool pages
2019-08-30 08:25:14 55504 [Note] InnoDB: The InnoDB memory heap is disabled
2019-08-30 08:25:14 55504 [Note] InnoDB: Mutexes and rw_locks use Windows interlocked functions
2019-08-30 08:25:14 55504 [Note] InnoDB: Memory barrier is not used
2019-08-30 08:25:14 55504 [Note] InnoDB: Compressed tables use zlib 1.2.3
2019-08-30 08:25:14 55504 [Note] InnoDB: Not using CPU crc32 instructions
2019-08-30 08:25:14 55504 [Note] InnoDB: Initializing buffer pool, size = 128.0M
2019-08-30 08:25:14 55504 [Note] InnoDB: Completed initialization of buffer pool
2019-08-30 08:25:15 55504 [Note] InnoDB: Setting log file E:\2019\3 BIMESTRE\MODELAGEM\usbwebserver\mysql\data\ib_logfile101 size to 5 MB
2019-08-30 08:25:16 55504 [Note] InnoDB: Setting log file E:\2019\3 BIMESTRE\MODELAGEM\usbwebserver\mysql\data\ib_logfile1 size to 5 MB
2019-08-30 08:25:18 55504 [Note] InnoDB: Renaming log file E:\2019\3 BIMESTRE\MODELAGEM\usbwebserver\mysql\data\ib_logfile101 to E:\2019\3 BIMESTRE\MODELAGEM\usbwebserver\mysql\data\ib_logfile0
2019-08-30 08:25:18 55504 [Warning] InnoDB: New log files created, LSN=1626134
2019-08-30 08:25:18 55504 [Note] InnoDB: Highest supported file format is Barracuda.
2019-08-30 08:25:18 1f2c InnoDB: Error: page 5 log sequence number 1626646
InnoDB: is in the future! Current system log sequence number 1626636.
InnoDB: Your database may be corrupt or you may have copied the InnoDB
InnoDB: tablespace but not the InnoDB log files. See
InnoDB: http://dev.mysql.com/doc/refman/5.6/en/forcing-innodb-recovery.html
InnoDB: for more information.
2019-08-30 08:25:19 55504 [Note] InnoDB: 128 rollback segment(s) are active.
2019-08-30 08:25:19 55504 [Note] InnoDB: Waiting for purge to start
2019-08-30 08:25:19 55504 [Note] InnoDB: 5.6.34 started; log sequence number 1626636
2019-08-30 08:25:19 55504 [Warning] No existing UUID has been found, so we assume that this is the first time that this server has been started. Generating a new UUID: d913bf43-cb18-11e9-8f38-005056c00001.
2019-08-30 08:25:19 55504 [Note] Server hostname (bind-address): '*'; port: 3306
2019-08-30 08:25:19 55504 [Note] IPv6 is available.
2019-08-30 08:25:19 55504 [Note]   - '::' resolves to '::';
2019-08-30 08:25:19 55504 [Note] Server socket created on IP: '::'.
