2019-10-08 11:03:59 3948 [Note] Plugin 'FEDERATED' is disabled.
2019-10-08 11:03:59 3948 [Note] InnoDB: Using atomics to ref count buffer pool pages
2019-10-08 11:03:59 3948 [Note] InnoDB: The InnoDB memory heap is disabled
2019-10-08 11:03:59 3948 [Note] InnoDB: Mutexes and rw_locks use Windows interlocked functions
2019-10-08 11:03:59 3948 [Note] InnoDB: Memory barrier is not used
2019-10-08 11:03:59 3948 [Note] InnoDB: Compressed tables use zlib 1.2.3
2019-10-08 11:03:59 3948 [Note] InnoDB: Not using CPU crc32 instructions
2019-10-08 11:03:59 3948 [Note] InnoDB: Initializing buffer pool, size = 128.0M
2019-10-08 11:03:59 3948 [Note] InnoDB: Completed initialization of buffer pool
2019-10-08 11:03:59 3948 [Note] InnoDB: Highest supported file format is Barracuda.
2019-10-08 11:03:59 3948 [Note] InnoDB: The log sequence numbers 1626134 and 1626134 in ibdata files do not match the log sequence number 1659836 in the ib_logfiles!
2019-10-08 11:03:59 3948 [Note] InnoDB: Database was not shutdown normally!
2019-10-08 11:03:59 3948 [Note] InnoDB: Starting crash recovery.
2019-10-08 11:03:59 3948 [Note] InnoDB: Reading tablespace information from the .ibd files...
2019-10-08 11:03:59 3948 [Note] InnoDB: Restoring possible half-written data pages 
2019-10-08 11:03:59 3948 [Note] InnoDB: from the doublewrite buffer...
2019-10-08 11:04:01 3948 [Note] InnoDB: 128 rollback segment(s) are active.
2019-10-08 11:04:01 3948 [Note] InnoDB: Waiting for purge to start
2019-10-08 11:04:01 3948 [Note] InnoDB: 5.6.34 started; log sequence number 1659836
2019-10-08 11:04:01 3948 [Note] Server hostname (bind-address): '*'; port: 3306
2019-10-08 11:04:01 3948 [Note] IPv6 is available.
2019-10-08 11:04:01 3948 [Note]   - '::' resolves to '::';
2019-10-08 11:04:01 3948 [Note] Server socket created on IP: '::'.
2019-10-22 10:30:19 9796 [Note] Plugin 'FEDERATED' is disabled.
2019-10-22 10:30:22 9796 [Note] InnoDB: Using atomics to ref count buffer pool pages
2019-10-22 10:30:22 9796 [Note] InnoDB: The InnoDB memory heap is disabled
2019-10-22 10:30:22 9796 [Note] InnoDB: Mutexes and rw_locks use Windows interlocked functions
2019-10-22 10:30:22 9796 [Note] InnoDB: Memory barrier is not used
2019-10-22 10:30:22 9796 [Note] InnoDB: Compressed tables use zlib 1.2.3
2019-10-22 10:30:22 9796 [Note] InnoDB: Not using CPU crc32 instructions
2019-10-22 10:30:22 9796 [Note] InnoDB: Initializing buffer pool, size = 128.0M
2019-10-22 10:30:22 9796 [Note] InnoDB: Completed initialization of buffer pool
2019-10-22 10:30:22 9796 [Note] InnoDB: Highest supported file format is Barracuda.
2019-10-22 10:30:22 9796 [Note] InnoDB: The log sequence numbers 1626134 and 1626134 in ibdata files do not match the log sequence number 1685854 in the ib_logfiles!
2019-10-22 10:30:22 9796 [Note] InnoDB: Database was not shutdown normally!
2019-10-22 10:30:22 9796 [Note] InnoDB: Starting crash recovery.
2019-10-22 10:30:22 9796 [Note] InnoDB: Reading tablespace information from the .ibd files...
2019-10-22 10:30:23 9796 [Note] InnoDB: Restoring possible half-written data pages 
2019-10-22 10:30:23 9796 [Note] InnoDB: from the doublewrite buffer...
2019-10-22 10:30:23 9796 [Note] InnoDB: 128 rollback segment(s) are active.
2019-10-22 10:30:23 9796 [Note] InnoDB: Waiting for purge to start
2019-10-22 10:30:23 9796 [Note] InnoDB: 5.6.34 started; log sequence number 1685854
2019-10-22 10:30:23 9796 [Note] Server hostname (bind-address): '*'; port: 3306
2019-10-22 10:30:23 9796 [Note] IPv6 is available.
2019-10-22 10:30:23 9796 [Note]   - '::' resolves to '::';
2019-10-22 10:30:23 9796 [Note] Server socket created on IP: '::'.
22019-10-22 11:11:33 8364 [Note] Plugin 'FEDERATED' is disabled.
2019-10-22 11:11:33 8364 [Note] InnoDB: Using atomics to ref count buffer pool pages
2019-10-22 11:11:33 8364 [Note] InnoDB: The InnoDB memory heap is disabled
2019-10-22 11:11:33 8364 [Note] InnoDB: Mutexes and rw_locks use Windows interlocked functions
2019-10-22 11:11:33 8364 [Note] InnoDB: Memory barrier is not used
2019-10-22 11:11:33 8364 [Note] InnoDB: Compressed tables use zlib 1.2.3
2019-10-22 11:11:33 8364 [Note] InnoDB: Not using CPU crc32 instructions
2019-10-22 11:11:33 8364 [Note] InnoDB: Initializing buffer pool, size = 128.0M
2019-10-22 11:11:33 8364 [Note] InnoDB: Completed initialization of buffer pool
2019-10-22 11:11:34 8364 [Note] InnoDB: Highest supported file format is Barracuda.
2019-10-22 11:11:34 8364 [Note] InnoDB: The log sequence numbers 1626134 and 1626134 in ibdata files do not match the log sequence number 1686562 in the ib_logfiles!
2019-10-22 11:11:34 8364 [Note] InnoDB: Database was not shutdown normally!
2019-10-22 11:11:34 8364 [Note] InnoDB: Starting crash recovery.
2019-10-22 11:11:34 8364 [Note] InnoDB: Reading tablespace information from the .ibd files...
2019-10-22 11:11:34 8364 [Note] InnoDB: Restoring possible half-written data pages 
2019-10-22 11:11:34 8364 [Note] InnoDB: from the doublewrite buffer...
2019-10-22 11:11:38 8364 [Note] InnoDB: 128 rollback segment(s) are active.
2019-10-22 11:11:38 8364 [Note] InnoDB: Waiting for purge to start
2019-10-22 11:11:38 8364 [Note] InnoDB: 5.6.34 started; log sequence number 1686562
2019-10-22 11:11:38 8364 [Note] Server hostname (bind-address): '*'; port: 3306
2019-10-22 11:11:38 8364 [Note] IPv6 is available.
2019-10-22 11:11:38 8364 [Note]   - '::' resolves to '::';
2019-10-22 11:11:38 8364 [Note] Server socket created on IP: '::'.
